<?xml version="1.0" encoding="UTF-8"?>
<!-- Generated by org.testng.reporters.JUnitReportReporter -->
<testsuite hostname="DESKTOP-GJFOPN8" failures="0" tests="1" name="testng.Parameterization" time="3.613" errors="0" timestamp="2025-08-17T21:15:17 IST" skipped="0">
  <testcase classname="testng.Parameterization" name="test" time="3.613"/>
</testsuite> <!-- testng.Parameterization -->
